Searching DEVSIM_MATH_LIBS="libopenblas.dylib:liblapack.dylib:libblas.dylib"
Loading "libopenblas.dylib": MISSING DLL
Loading "liblapack.dylib": ALL BLAS/LAPACK LOADED
Skipping libblas.dylib
loading UMFPACK 5.1 as direct solver
Loading mesh: output/photodiode_mesh.msh
Physical group name anode has 0 Tetrahedra.
Physical group name anode has 0 Triangles.
Physical group name anode has 272 Lines.
Physical group name anode has 273 Points.
Physical group name cathode has 0 Tetrahedra.
Physical group name cathode has 0 Triangles.
Physical group name cathode has 40 Lines.
Physical group name cathode has 41 Points.
Physical group name n_region has 0 Tetrahedra.
Physical group name n_region has 5906 Triangles.
Physical group name n_region has 9009 Lines.
Physical group name n_region has 3104 Points.
Physical group name p_region has 0 Tetrahedra.
Physical group name p_region has 5052 Triangles.
Physical group name p_region has 7816 Lines.
Physical group name p_region has 2765 Points.
Physical group name pn_junction has 0 Tetrahedra.
Physical group name pn_junction has 0 Triangles.
Physical group name pn_junction has 196 Lines.
Physical group name pn_junction has 197 Points.
Device photodiode has 5672 coordinates with max index 5672
Region n_region has 3104 nodes.
Region p_region has 2765 nodes.
Contact anode in region p_region with 273 nodes
Contact cathode in region n_region with 41 nodes
Adding interface pn_junction with 197, 197 nodes

--- Mesh loading and device creation complete ---

--- Running Verification Checks ---
✅ Verification PASSED: Device structure is correct.

=== VERIFYING MESH DIMENSIONS ===
Device dimensions:
  Width: 20.000 μm
  Depth: 16.000 μm
✅ Mesh dimensions are suitable for photodiode simulation

======================================================================
           COMPREHENSIVE MESH GEOMETRY ANALYSIS
======================================================================

OPTICAL REFERENCE (λ = 650 nm):
  Absorption coefficient α: 2320 cm⁻¹
  Absorption length (1/α): 4.31 μm
  90% absorption depth: 9.91 μm
  99% absorption depth: 19.83 μm

P_REGION ANALYSIS:
--------------------------------------------------
  Dimensions:
    X: 0.000000 to 20.000000 μm (span: 20.000000 μm)
    Y: -1.000000 to 0.000000 μm (span: 1.000000 μm)
    Area: 2.000e+01 μm²
    Nodes: 2,765
    Node density: 1.4e+02 nodes/μm²

  PHOTODIODE SUITABILITY:
    Depth / Absorption length: 0.2320
    🟡 WARNING: Depth is 23.2% of absorption length
       - Will absorb only ~20.7% of incident light
    🟢 Width (20.000 μm) is reasonable
    🟢 P-region depth adequate (1.000 μm)

N_REGION ANALYSIS:
--------------------------------------------------
  Dimensions:
    X: 0.000000 to 20.000000 μm (span: 20.000000 μm)
    Y: -16.000000 to -1.000000 μm (span: 15.000000 μm)
    Area: 3.000e+02 μm²
    Nodes: 3,104
    Node density: 1.0e+01 nodes/μm²

  PHOTODIODE SUITABILITY:
    Depth / Absorption length: 3.4799
    🟢 GOOD: Depth is 348.0% of absorption length
       - Will absorb ~96.9% of incident light
    🟢 Width (20.000 μm) is reasonable

==================================================
OVERALL DEVICE ASSESSMENT
==================================================
Total nodes: 5,869
Total area: 3.200e+02 μm²
Device width: 20.000000 μm
Device depth: 16.000000 μm

🎯 SPECIFIC RECOMMENDATIONS:

💡 MESH CREATION TEMPLATE:
   - Device width: 20 μm (good for 1D-like behavior)
   - P-region depth: 1 μm (from surface)
   - N-region depth: 15 μm (total device depth: 16 μm)
   - Expected absorption at 650nm: ~99%
   - Junction depth: suitable for typical photodiode

📊 CURRENT DEVICE PERFORMANCE PREDICTION:
   - Light absorption at 650nm: ~97.6%
   - Expected photocurrent: GOOD

--- Setting up physics and materials ---
Defined Gaussian p-implant (peak=5.0e+17) and uniform n-bulk (N_D=1.0e+15)
Defining mobility for p_region...
    Defining carrier statistics for p_region...
Defining SRH lifetime for p_region...
Defining mobility for n_region...
    Defining carrier statistics for n_region...
Defining SRH lifetime for n_region...

--- Physics and doping defined successfully ---
--- Setting Up Full Photodiode Physical Model ---
  Setting up physics for p_region...
    Defining basic edge models for p_region...
    Defining current models for p_region...
    Defining equilibrium models for p_region...
    Defining node-averaged fields and currents for p_region...
    Defining Hurkx enhancement factor for p_region...
    Defining SRH recombination with Hurkx TAT enhancement for p_region...
    Defining Auger recombination for p_region...
    Defining optical generation for p_region...
    Defining impact ionization for p_region...
    Assembling final NetRecombination for p_region...
  Setting up physics for n_region...
    Defining basic edge models for n_region...
    Defining current models for n_region...
    Defining equilibrium models for n_region...
    Defining node-averaged fields and currents for n_region...
    Defining Hurkx enhancement factor for n_region...
    Defining SRH recombination with Hurkx TAT enhancement for n_region...
    Defining Auger recombination for n_region...
    Defining optical generation for n_region...
    Defining impact ionization for n_region...
    Assembling final NetRecombination for n_region...
✅ Photodiode model setup complete!
  Defining all boundary condition models...

=== DEBUGGING DOPING PROFILE ===

Region: p_region
  Surface (y≈0): N_A=4.41e+17, N_D=1.00e+15, Net=-4.40e+17
  Min/Max y: -1.000 to 0.000 μm
  NetDoping range: -4.40e+17 to 1.00e+15

Region: n_region
  Surface (y≈0): N_A=0.00e+00, N_D=1.00e+15, Net=1.00e+15
  Min/Max y: -16.000 to -1.000 μm
  NetDoping range: 1.00e+15 to 1.00e+15
  Solving for initial equilibrium state (robust multi-step method)...
    Step 1/3: Creating initial guess and solving Poisson equation...
number of equations 5869
Iteration: 0
  Device: "photodiode"	RelError: 7.69743e+09	AbsError: 4.59395e-01
    Region: "n_region"	RelError: 3.10348e+09	AbsError: 3.10348e-01
      Equation: "PotentialEquation"	RelError: 3.10348e+09	AbsError: 3.10348e-01
    Region: "p_region"	RelError: 4.59395e+09	AbsError: 4.59395e-01
      Equation: "PotentialEquation"	RelError: 4.59395e+09	AbsError: 4.59395e-01
Iteration: 1
  Device: "photodiode"	RelError: 1.40168e-05	AbsError: 2.02830e-15
    Region: "n_region"	RelError: 7.89109e-06	AbsError: 2.02830e-15
      Equation: "PotentialEquation"	RelError: 7.89109e-06	AbsError: 2.02830e-15
    Region: "p_region"	RelError: 6.12567e-06	AbsError: 1.41352e-15
      Equation: "PotentialEquation"	RelError: 6.12567e-06	AbsError: 1.41352e-15
Iteration: 2
  Device: "photodiode"	RelError: 1.21463e-14	AbsError: 9.03576e-24
    Region: "n_region"	RelError: 3.32911e-15	AbsError: 2.04636e-24
      Equation: "PotentialEquation"	RelError: 3.32911e-15	AbsError: 2.04636e-24
    Region: "p_region"	RelError: 8.81720e-15	AbsError: 9.03576e-24
      Equation: "PotentialEquation"	RelError: 8.81720e-15	AbsError: 9.03576e-24
    ✅ Poisson equation solved successfully.
    Step 2/3: Creating superior initial guess for carriers...
    ✅ Carrier initial guess updated.
    Step 3/3: Setting up carrier equations and solving full system...
number of equations 17607
Iteration: 0
  Device: "photodiode"	RelError: 2.00000e+00	AbsError: 4.68330e+09
    Region: "n_region"	RelError: 1.00000e+00	AbsError: 4.68330e+09
      Equation: "ElectronContinuityEquation"	RelError: 1.61842e-10	AbsError: 9.89180e-01
      Equation: "HoleContinuityEquation"	RelError: 1.87329e-10	AbsError: 1.14496e+00
      Equation: "PotentialEquation"	RelError: 1.00000e+00	AbsError: 4.68330e+09
    Region: "p_region"	RelError: 1.00000e+00	AbsError: 8.63580e+08
      Equation: "ElectronContinuityEquation"	RelError: 1.50925e-10	AbsError: 9.22458e-01
      Equation: "HoleContinuityEquation"	RelError: 1.87580e-10	AbsError: 1.14684e+00
      Equation: "PotentialEquation"	RelError: 1.00000e+00	AbsError: 8.63580e+08
while factorizing matrix using python solver
Python Command failed
<class 'RuntimeError'>
umfpack numeric failed
    ⚠️ Full system solve failed, trying with relaxed parameters: DEVSIM FATAL: while factorizing matrix using python solver
Python Command failed
<class 'RuntimeError'>
umfpack numeric failed
Uncaught FPE: There was an uncaught floating point exception of type "Invalid, Divide-by-zero, Overflow"

number of equations 17607
while factorizing matrix using python solver
Python Command failed
<class 'RuntimeError'>
umfpack numeric failed
    ⚠️ Second attempt failed, trying very relaxed parameters: DEVSIM FATAL: while factorizing matrix using python solver
Python Command failed
<class 'RuntimeError'>
umfpack numeric failed
Uncaught FPE: There was an uncaught floating point exception of type "Invalid, Divide-by-zero, Overflow"

number of equations 17607
while factorizing matrix using python solver
Python Command failed
<class 'RuntimeError'>
umfpack numeric failed

UMFPACK V5.1.0 (May 31, 2007): WARNING: matrix is singular


UMFPACK V5.1.0 (May 31, 2007): WARNING: matrix is singular


UMFPACK V5.1.0 (May 31, 2007): WARNING: matrix is singular

Traceback (most recent call last):
  File "/Users/voicutomut/Documents/GitHub/pixel_demo/devsim_simulation.py", line 1251, in solve_initial_equilibrium
    devsim.solve(type="dc", absolute_error=10, relative_error=1e-2, maximum_iterations=300)
devsim_py3.error: DEVSIM FATAL: while factorizing matrix using python solver
Python Command failed
<class 'RuntimeError'>
umfpack numeric failed
Uncaught FPE: There was an uncaught floating point exception of type "Invalid, Divide-by-zero, Overflow"


During handling of the above exception, another exception occurred:

Traceback (most recent call last):
  File "/Users/voicutomut/Documents/GitHub/pixel_demo/devsim_simulation.py", line 1256, in solve_initial_equilibrium
    devsim.solve(type="dc", absolute_error=10, relative_error=1e-8, maximum_iterations=400)
devsim_py3.error: DEVSIM FATAL: while factorizing matrix using python solver
Python Command failed
<class 'RuntimeError'>
umfpack numeric failed
Uncaught FPE: There was an uncaught floating point exception of type "Invalid, Divide-by-zero, Overflow"


During handling of the above exception, another exception occurred:

Traceback (most recent call last):
  File "/Users/voicutomut/Documents/GitHub/pixel_demo/devsim_simulation.py", line 1603, in <module>
    main()
  File "/Users/voicutomut/Documents/GitHub/pixel_demo/devsim_simulation.py", line 1507, in main
    solve_initial_equilibrium(GLOBAL_PARAMS["device_name"])
  File "/Users/voicutomut/Documents/GitHub/pixel_demo/devsim_simulation.py", line 1260, in solve_initial_equilibrium
    devsim.solve(type="dc", absolute_error=10, relative_error=1e-6, maximum_iterations=600)
devsim_py3.error: DEVSIM FATAL: while factorizing matrix using python solver
Python Command failed
<class 'RuntimeError'>
umfpack numeric failed
Uncaught FPE: There was an uncaught floating point exception of type "Invalid, Divide-by-zero, Overflow"

